[boot] serial init
[VGA] VgaSetMode called
[VGA] switching to graphics mode
[VGA] graphics mode set
[VGA] buffer @A0000: 3D  3D  3D  3D  3D  3D  3D  3D  3D  3D  3D  3D  3D  3D  3D  3D 
[VGA] buffer @B8000: FF  FF  FF  FF  FF  FF  FF  FF  FF  FF  FF  FF  FF  FF  FF  FF 
[boot] creating gui_server
user start=0x
entry=0x
size=0x[boot] scheduler init
[sched] found next thread
SYS:09(0x0015D124,0x00000000)
[debug syscall]
[user] entered Ring3
0x00000005 0x0015C01F 0x0000001B 0x00000206 0x7FFEFFB8 
SYS:09(0x0015D0E4,0x000003FD)
[debug syscall]
about to draw desktop
0x00000005 0x0015C05E 0x0000001B 0x00000206 0x7FFEFFB8 
SYS:15(0x0015D0E4,0x000003FD)
0x00000005 0x0015C065 0x0000001B 0x00000206 0x7FFEFFB8 
SYS:09(0x0015D0D4,0x000003FD)
[debug syscall]
desktop done
0x00000005 0x0015C072 0x0000001B 0x00000206 0x7FFEFFB8 
SYS:09(0x0015D0BC,0x000003FD)
[debug syscall]
about to draw taskbar
0x00000005 0x0015C07F 0x0000001B 0x00000206 0x7FFEFFB8 
SYS:16(0x0015D0BC,0x000003FD)
0x00000005 0x0015C086 0x0000001B 0x00000206 0x7FFEFFB8 
SYS:09(0x0015D0AC,0x000003FD)
[debug syscall]
taskbar done
0x00000005 0x0015C093 0x0000001B 0x00000206 0x7FFEFFB8 
SYS:09(0x0015D08C,0x000003FD)
[debug syscall]
about to draw welcome window
0x00000005 0x0015C0A0 0x0000001B 0x00000206 0x7FFEFFB8 
SYS:17(0x7FFEFFD4,0x000003FD)
PF @ FF280201
